#
# There is insufficient memory for the Java Runtime Environment to continue.
# Native memory allocation (mmap) failed to map 232783872 bytes for G1 virtual space
# Possible reasons:
#   The system is out of physical RAM or swap space
#   The process is running with CompressedOops enabled, and the Java Heap may be blocking the growth of the native heap
# Possible solutions:
#   Reduce memory load on the system
#   Increase physical memory or swap space
#   Check if swap backing store is full
#   Decrease Java heap size (-Xmx/-Xms)
#   Decrease number of Java threads
#   Decrease Java thread stack sizes (-Xss)
#   Set larger code cache with -XX:ReservedCodeCacheSize=
#   JVM is running with Zero Based Compressed Oops mode in which the Java heap is
#     placed in the first 32GB address space. The Java Heap base address is the
#     maximum limit for the native heap growth. Please use -XX:HeapBaseMinAddress
#     to set the Java Heap base and to place the Java Heap above 32GB virtual address.
# This output file may be truncated or incomplete.
#
#  Out of Memory Error (os_windows.cpp:3536), pid=9800, tid=9628
#
# JRE version:  (19.0.2+7) (build )
# Java VM: OpenJDK 64-Bit Server VM (19.0.2+7-44, mixed mode, sharing, tiered, compressed oops, compressed class ptrs, g1 gc, windows-amd64)
# No core dump will be written. Minidumps are not enabled by default on client versions of Windows
#

---------------  S U M M A R Y ------------

Command Line: -javaagent:C:\Program Files\JetBrains\IntelliJ IDEA Educational Edition 2022.2.2\lib\idea_rt.jar=50405:C:\Program Files\JetBrains\IntelliJ IDEA Educational Edition 2022.2.2\bin -Dfile.encoding=UTF-8 -Dsun.stdout.encoding=UTF-8 -Dsun.stderr.encoding=UTF-8 Main

Host: AMD Ryzen 5 5600H with Radeon Graphics         , 12 cores, 13G,  Windows 11 , 64 bit Build 22621 (10.0.22621.2506)
Time: Sat Jan  6 12:20:12 2024 GTB Standard Time elapsed time: 0.012101 seconds (0d 0h 0m 0s)

---------------  T H R E A D  ---------------

Current thread (0x000002c1a511a450):  JavaThread "Unknown thread" [_thread_in_vm, id=9628, stack(0x000000e56a400000,0x000000e56a500000)]

Stack: [0x000000e56a400000,0x000000e56a500000]
Native frames: (J=compiled Java code, j=interpreted, Vv=VM code, C=native code)
V  [jvm.dll+0x6ee21a]
V  [jvm.dll+0x85765e]
V  [jvm.dll+0x85904e]
V  [jvm.dll+0x859703]
V  [jvm.dll+0x28298f]
V  [jvm.dll+0x6eb009]
V  [jvm.dll+0x6dfbaa]
V  [jvm.dll+0x3573f6]
V  [jvm.dll+0x35ee56]
V  [jvm.dll+0x3b541e]
V  [jvm.dll+0x3b564f]
V  [jvm.dll+0x32c9ea]
V  [jvm.dll+0x32d89e]
V  [jvm.dll+0x821780]
V  [jvm.dll+0x3c2661]
V  [jvm.dll+0x801f51]
V  [jvm.dll+0x44ae8f]
V  [jvm.dll+0x44c811]
C  [jli.dll+0x5287]
C  [ucrtbase.dll+0x29363]
C  [KERNEL32.DLL+0x1257d]
C  [ntdll.dll+0x5aa58]


---------------  P R O C E S S  ---------------

Threads class SMR info:
_java_thread_list=0x00007ff8a08bd048, length=0, elements={
}

Java Threads: ( => current thread )

Other Threads:
  0x000002c1a5181810 WorkerThread "GC Thread#0" [stack: 0x000000e56a500000,0x000000e56a600000] [id=11192]
  0x000002c1a51906d0 ConcurrentGCThread "G1 Main Marker" [stack: 0x000000e56a600000,0x000000e56a700000] [id=7556]
  0x000002c1a5191100 WorkerThread "G1 Conc#0" [stack: 0x000000e56a700000,0x000000e56a800000] [id=21176]

[error occurred during error reporting (printing all threads), id 0xc0000005, EXCEPTION_ACCESS_VIOLATION (0xc0000005) at pc=0x00007ff8a007d427]

VM state: not at safepoint (not fully initialized)

VM Mutex/Monitor currently owned by a thread:  ([mutex/lock_event])
[0x000002c1a5115050] Heap_lock - owner thread: 0x000002c1a511a450

Heap address: 0x0000000722400000, size: 3548 MB, Compressed Oops mode: Zero based, Oop shift amount: 3

CDS archive(s) mapped at: [0x0000000000000000-0x0000000000000000-0x0000000000000000), size 0, SharedBaseAddress: 0x0000000800000000, ArchiveRelocationMode: 0.
Narrow klass base: 0x0000000000000000, Narrow klass shift: 0, Narrow klass range: 0x0

GC Precious Log:
 CardTable entry size: 512
 Card Set container configuration: InlinePtr #cards 4 size 8 Array Of Cards #cards 16 size 48 Howl #buckets 8 coarsen threshold 3686 Howl Bitmap #cards 512 size 80 coarsen threshold 460 Card regions per heap region 1 cards per card region 4096

Heap:
 garbage-first heap   total 0K, used 0K [0x0000000722400000, 0x0000000800000000)
  region size 2048K, 0 young (0K), 0 survivors (0K)

[error occurred during error reporting (printing heap information), id 0xc0000005, EXCEPTION_ACCESS_VIOLATION (0xc0000005) at pc=0x00007ff8a0486649]

GC Heap History (0 events):
No events

Dll operation events (1 events):
Event: 0.009 Loaded shared library C:\Users\User\.jdks\openjdk-19.0.2\bin\java.dll

Deoptimization events (0 events):
No events

Classes loaded (0 events):
No events

Classes unloaded (0 events):
No events

Classes redefined (0 events):
No events

Internal exceptions (0 events):
No events

VM Operations (0 events):
No events

Events (0 events):
No events


Dynamic libraries:
0x00007ff6f8f50000 - 0x00007ff6f8f5e000 	C:\Users\User\.jdks\openjdk-19.0.2\bin\java.exe
0x00007ff96c150000 - 0x00007ff96c367000 	C:\WINDOWS\SYSTEM32\ntdll.dll
0x00007ff96aa50000 - 0x00007ff96ab14000 	C:\WINDOWS\System32\KERNEL32.DLL
0x00007ff9699d0000 - 0x00007ff969d76000 	C:\WINDOWS\System32\KERNELBASE.dll
0x00007ff969d80000 - 0x00007ff969e91000 	C:\WINDOWS\System32\ucrtbase.dll
0x00007ff9509a0000 - 0x00007ff9509b7000 	C:\Users\User\.jdks\openjdk-19.0.2\bin\jli.dll
0x00007ff94fc30000 - 0x00007ff94fc4b000 	C:\Users\User\.jdks\openjdk-19.0.2\bin\VCRUNTIME140.dll
0x00007ff969f40000 - 0x00007ff96a0ee000 	C:\WINDOWS\System32\USER32.dll
0x00007ff957f00000 - 0x00007ff958193000 	C:\WINDOWS\WinSxS\amd64_microsoft.windows.common-controls_6595b64144ccf1df_6.0.22621.2506_none_270c5ae97388e100\COMCTL32.dll
0x00007ff9699a0000 - 0x00007ff9699c6000 	C:\WINDOWS\System32\win32u.dll
0x00007ff96b430000 - 0x00007ff96b4d7000 	C:\WINDOWS\System32\msvcrt.dll
0x00007ff96a450000 - 0x00007ff96a479000 	C:\WINDOWS\System32\GDI32.dll
0x00007ff9694c0000 - 0x00007ff9695d8000 	C:\WINDOWS\System32\gdi32full.dll
0x00007ff9695e0000 - 0x00007ff96967a000 	C:\WINDOWS\System32\msvcp_win.dll
0x00007ff96b3f0000 - 0x00007ff96b421000 	C:\WINDOWS\System32\IMM32.DLL
0x00007ff95f450000 - 0x00007ff95f45c000 	C:\Users\User\.jdks\openjdk-19.0.2\bin\vcruntime140_1.dll
0x00007ff9270a0000 - 0x00007ff92712e000 	C:\Users\User\.jdks\openjdk-19.0.2\bin\msvcp140.dll
0x00007ff89fd40000 - 0x00007ff8a0a00000 	C:\Users\User\.jdks\openjdk-19.0.2\bin\server\jvm.dll
0x00007ff96b730000 - 0x00007ff96b7e1000 	C:\WINDOWS\System32\ADVAPI32.dll
0x00007ff96b800000 - 0x00007ff96b8a5000 	C:\WINDOWS\System32\sechost.dll
0x00007ff96a330000 - 0x00007ff96a447000 	C:\WINDOWS\System32\RPCRT4.dll
0x00007ff961960000 - 0x00007ff961994000 	C:\WINDOWS\SYSTEM32\WINMM.dll
0x00007ff960b00000 - 0x00007ff960b0a000 	C:\WINDOWS\SYSTEM32\VERSION.dll
0x00007ff941fe0000 - 0x00007ff941fe9000 	C:\WINDOWS\SYSTEM32\WSOCK32.dll
0x00007ff969ec0000 - 0x00007ff969f31000 	C:\WINDOWS\System32\WS2_32.dll
0x00007ff9685b0000 - 0x00007ff9685c8000 	C:\WINDOWS\SYSTEM32\kernel.appcore.dll
0x00007ff953970000 - 0x00007ff95397a000 	C:\Users\User\.jdks\openjdk-19.0.2\bin\jimage.dll
0x00007ff9668e0000 - 0x00007ff966b13000 	C:\WINDOWS\SYSTEM32\DBGHELP.DLL
0x00007ff96a5c0000 - 0x00007ff96a949000 	C:\WINDOWS\System32\combase.dll
0x00007ff96a950000 - 0x00007ff96aa27000 	C:\WINDOWS\System32\OLEAUT32.dll
0x00007ff94e2d0000 - 0x00007ff94e302000 	C:\WINDOWS\SYSTEM32\dbgcore.DLL
0x00007ff9697f0000 - 0x00007ff96986a000 	C:\WINDOWS\System32\bcryptPrimitives.dll
0x00007ff950010000 - 0x00007ff95001e000 	C:\Users\User\.jdks\openjdk-19.0.2\bin\instrument.dll
0x00007ff94f390000 - 0x00007ff94f3b6000 	C:\Users\User\.jdks\openjdk-19.0.2\bin\java.dll

dbghelp: loaded successfully - version: 4.0.5 - missing functions: none
symbol engine: initialized successfully - sym options: 0x614 - pdb path: .;C:\Users\User\.jdks\openjdk-19.0.2\bin;C:\WINDOWS\SYSTEM32;C:\WINDOWS\WinSxS\amd64_microsoft.windows.common-controls_6595b64144ccf1df_6.0.22621.2506_none_270c5ae97388e100;C:\Users\User\.jdks\openjdk-19.0.2\bin\server

VM Arguments:
jvm_args: -javaagent:C:\Program Files\JetBrains\IntelliJ IDEA Educational Edition 2022.2.2\lib\idea_rt.jar=50405:C:\Program Files\JetBrains\IntelliJ IDEA Educational Edition 2022.2.2\bin -Dfile.encoding=UTF-8 -Dsun.stdout.encoding=UTF-8 -Dsun.stderr.encoding=UTF-8 
java_command: Main
java_class_path (initial): C:\Users\User\Desktop\ProiectIA\out\production\ProiectIA
Launcher Type: SUN_STANDARD

[Global flags]
     intx CICompilerCount                          = 4                                         {product} {ergonomic}
     uint ConcGCThreads                            = 3                                         {product} {ergonomic}
     uint G1ConcRefinementThreads                  = 10                                        {product} {ergonomic}
   size_t G1HeapRegionSize                         = 2097152                                   {product} {ergonomic}
    uintx GCDrainStackTargetSize                   = 64                                        {product} {ergonomic}
   size_t InitialHeapSize                          = 232783872                                 {product} {ergonomic}
   size_t MarkStackSize                            = 4194304                                   {product} {ergonomic}
   size_t MaxHeapSize                              = 3720347648                                {product} {ergonomic}
   size_t MinHeapDeltaBytes                        = 2097152                                   {product} {ergonomic}
   size_t MinHeapSize                              = 8388608                                   {product} {ergonomic}
    uintx NonNMethodCodeHeapSize                   = 5839372                                {pd product} {ergonomic}
    uintx NonProfiledCodeHeapSize                  = 122909434                              {pd product} {ergonomic}
    uintx ProfiledCodeHeapSize                     = 122909434                              {pd product} {ergonomic}
    uintx ReservedCodeCacheSize                    = 251658240                              {pd product} {ergonomic}
     bool SegmentedCodeCache                       = true                                      {product} {ergonomic}
   size_t SoftMaxHeapSize                          = 3720347648                             {manageable} {ergonomic}
     bool UseCompressedClassPointers               = true                           {product lp64_product} {ergonomic}
     bool UseCompressedOops                        = true                           {product lp64_product} {ergonomic}
     bool UseG1GC                                  = true                                      {product} {ergonomic}
     bool UseLargePagesIndividualAllocation        = false                                  {pd product} {ergonomic}

Logging:
Log output configuration:
 #0: stdout all=warning uptime,level,tags foldmultilines=false
 #1: stderr all=off uptime,level,tags foldmultilines=false

Environment Variables:
PATH=C:\Program Files\Python38\Scripts\;C:\Program Files\Python38\;C:\Program Files\Common Files\Oracle\Java\javapath;C:\Program Files (x86)\Common Files\Oracle\Java\javapath;C:\Program Files\Eclipse Foundation\jdk-8.0.302.8-hotspot\bin;C:\Program Files\Microsoft\jdk-11.0.12.7-hotspot\bin;C:\Windows\system32;C:\Windows;C:\Windows\System32\Wbem;C:\Windows\System32\WindowsPowerShell\v1.0\;C:\Windows\System32\OpenSSH\;C:\Program Files (x86)\NVIDIA Corporation\PhysX\Common;C:\Program Files\NVIDIA Corporation\NVIDIA NvDLISR;C:\WINDOWS\system32;C:\WINDOWS;C:\WINDOWS\System32\Wbem;C:\WINDOWS\System32\WindowsPowerShell\v1.0\;C:\WINDOWS\System32\OpenSSH\;C:\Program Files (x86)\IVI Foundation\VISA\WinNT\Bin\;C:\Program Files\IVI Foundation\VISA\Win64\Bin\;C:\Program Files (x86)\IVI Foundation\VISA\WinNT\Bin;C:\Users\User\Downloads\opencv\build\x64\vc15\bin;C:\Program Files\Git\cmd;C:\Program Files\Microsoft SQL Server\150\Tools\Binn\;C:\Program Files\Microsoft SQL Server\Client SDK\ODBC\170\Tools\Binn\;C:\Program Files (x86)\Microsoft SQL Server\160\Tools\Binn\;C:\Program Files\Microsoft SQL Server\160\Tools\Binn\;C:\Program Files\Microsoft SQL Server\160\DTS\Binn\;C:\Program Files\Azure Data Studio\bin;C;C:\Program Files\Microsoft SQL Server\130\Tools\Binn\;C:\Program Files\nodejs\;C:\Users\User\AppData\Local\Programs\Python\Python311\Scripts\;C:\Users\User\AppData\Local\Programs\Python\Python311\;C:\Users\User\AppData\Local\Microsoft\WindowsApps;C:\Users\User\AppData\Local\Programs\Microsoft VS Code\bin;C:\\Windows\System32;C:\Users\User\AppData\Local\Programs\Python\Python311\;C:\Program Files\Azure Data Studio\bin;C:\Users\User\AppData\Roaming\npm
USERNAME=User
OS=Windows_NT
PROCESSOR_IDENTIFIER=AMD64 Family 25 Model 80 Stepping 0, AuthenticAMD
TMP=C:\Users\User\AppData\Local\Temp
TEMP=C:\Users\User\AppData\Local\Temp



---------------  S Y S T E M  ---------------

OS:
 Windows 11 , 64 bit Build 22621 (10.0.22621.2506)
OS uptime: 0 days 0:55 hours

CPU: total 12 (initial active 12) (12 cores per cpu, 2 threads per core) family 25 model 80 stepping 0 microcode 0x0, cx8, cmov, fxsr, ht, mmx, 3dnowpref, sse, sse2, sse3, ssse3, sse4a, sse4.1, sse4.2, popcnt, lzcnt, tsc, tscinvbit, avx, avx2, aes, erms, clmul, bmi1, bmi2, adx, sha, fma, vzeroupper, clflush, clflushopt, rdtscp, rdpid, fsrm

Memory: 4k page, system-wide physical 14188M (4602M free)
TotalPageFile size 14188M (AvailPageFile size 99M)
current process WorkingSet (physical memory assigned to process): 11M, peak: 11M
current process commit charge ("private bytes"): 64M, peak: 286M

vm_info: OpenJDK 64-Bit Server VM (19.0.2+7-44) for windows-amd64 JRE (19.0.2+7-44), built on 2022-11-30T18:02:09Z by "mach5one" with MS VC++ 17.1 (VS2022)

END.
